This is pdfTeX, Version 3.141592653-2.6-1.40.24 (MiKTeX 22.10) (preloaded format=pdflatex 2022.10.17)  11 JAN 2026 14:58
entering extended mode
 restricted \write18 enabled.
 %&-line parsing enabled.
**./Formatted_Thesis.tex
(Formatted_Thesis.tex
LaTeX2e <2022-06-01> patch level 5
L3 programming layer <2022-09-28> (imc-inf.cls
Document Class: imc-inf 2023/09/09 IMC Informatics Bachelor Thesis Template
(C:\Users\dbobe\AppData\Local\Programs\MiKTeX\tex/latex/graphics\graphicx.sty
Package: graphicx 2021/09/16 v1.2d Enhanced LaTeX Graphics (DPC,SPQR)

(C:\Users\dbobe\AppData\Local\Programs\MiKTeX\tex/latex/graphics\keyval.sty
Package: keyval 2022/05/29 v1.15 key=value parser (DPC)
\KV@toks@=\toks16
)
(C:\Users\dbobe\AppData\Local\Programs\MiKTeX\tex/latex/graphics\graphics.sty
Package: graphics 2022/03/10 v1.4e Standard LaTeX Graphics (DPC,SPQR)

(C:\Users\dbobe\AppData\Local\Programs\MiKTeX\tex/latex/graphics\trig.sty
Package: trig 2021/08/11 v1.11 sin cos tan (DPC)
)
(C:\Users\dbobe\AppData\Local\Programs\MiKTeX\tex/latex/graphics-cfg\graphics.c
fg
File: graphics.cfg 2016/06/04 v1.11 sample graphics configuration
)
Package graphics Info: Driver file: pdftex.def on input line 107.

(C:\Users\dbobe\AppData\Local\Programs\MiKTeX\tex/latex/graphics-def\pdftex.def
File: pdftex.def 2022/09/22 v1.2b Graphics/color driver for pdftex
\stockwidth=\dimen138
\stockheight=\dimen139
))
\Gin@req@height=\dimen140
\Gin@req@width=\dimen141
) (C:\Users\dbobe\AppData\Local\Programs\MiKTeX\tex/latex/xcolor\xcolor.sty
Package: xcolor 2022/06/12 v2.14 LaTeX color extensions (UK)

(C:\Users\dbobe\AppData\Local\Programs\MiKTeX\tex/latex/graphics-cfg\color.cfg
File: color.cfg 2016/01/02 v1.6 sample color configuration
)
Package xcolor Info: Driver file: pdftex.def on input line 227.
(C:\Users\dbobe\AppData\Local\Programs\MiKTeX\tex/latex/graphics\mathcolor.ltx)
Package xcolor Info: Model `cmy' substituted by `cmy0' on input line 1353.
Package xcolor Info: Model `hsb' substituted by `rgb' on input line 1357.
Package xcolor Info: Model `RGB' extended on input line 1369.
Package xcolor Info: Model `HTML' substituted by `rgb' on input line 1371.
Package xcolor Info: Model `Hsb' substituted by `hsb' on input line 1372.
Package xcolor Info: Model `tHsb' substituted by `hsb' on input line 1373.
Package xcolor Info: Model `HSB' substituted by `hsb' on input line 1374.
Package xcolor Info: Model `Gray' substituted by `gray' on input line 1375.
Package xcolor Info: Model `wave' substituted by `hsb' on input line 1376.
(C:\Users\dbobe\AppData\Local\Programs\MiKTeX\tex/latex/graphics\dvipsnam.def
File: dvipsnam.def 2016/06/17 v3.0m Driver-dependent file (DPC,SPQR)
)) (C:\Users\dbobe\AppData\Local\Programs\MiKTeX\tex/latex/etoolbox\etoolbox.st
y
Package: etoolbox 2020/10/05 v2.5k e-TeX tools for LaTeX (JAW)
\etb@tempcnta=\count185
) (C:\Users\dbobe\AppData\Local\Programs\MiKTeX\tex/latex/base\book.cls
Document Class: book 2021/10/04 v1.4n Standard LaTeX document class
(C:\Users\dbobe\AppData\Local\Programs\MiKTeX\tex/latex/base\bk11.clo
File: bk11.clo 2021/10/04 v1.4n Standard LaTeX file (size option)
)
\c@part=\count186
\c@chapter=\count187
\c@section=\count188
\c@subsection=\count189
\c@subsubsection=\count190
\c@paragraph=\count191
\c@subparagraph=\count192
\c@figure=\count193
\c@table=\count194
\abovecaptionskip=\skip47
\belowcaptionskip=\skip48
\bibindent=\dimen142
)
(C:\Users\dbobe\AppData\Local\Programs\MiKTeX\tex/latex/titlesec\titlesec.sty
Package: titlesec 2021/07/05 v2.14 Sectioning titles
\ttl@box=\box51
\beforetitleunit=\skip49
\aftertitleunit=\skip50
\ttl@plus=\dimen143
\ttl@minus=\dimen144
\ttl@toksa=\toks17
\titlewidth=\dimen145
\titlewidthlast=\dimen146
\titlewidthfirst=\dimen147
)
(C:\Users\dbobe\AppData\Local\Programs\MiKTeX\tex/latex/lm\lmodern.sty
Package: lmodern 2015/05/01 v1.6.1 Latin Modern Fonts
LaTeX Font Info:    Overwriting symbol font `operators' in version `normal'
(Font)                  OT1/cmr/m/n --> OT1/lmr/m/n on input line 22.
LaTeX Font Info:    Overwriting symbol font `letters' in version `normal'
(Font)                  OML/cmm/m/it --> OML/lmm/m/it on input line 23.
LaTeX Font Info:    Overwriting symbol font `symbols' in version `normal'
(Font)                  OMS/cmsy/m/n --> OMS/lmsy/m/n on input line 24.
LaTeX Font Info:    Overwriting symbol font `largesymbols' in version `normal'
(Font)                  OMX/cmex/m/n --> OMX/lmex/m/n on input line 25.
LaTeX Font Info:    Overwriting symbol font `operators' in version `bold'
(Font)                  OT1/cmr/bx/n --> OT1/lmr/bx/n on input line 26.
LaTeX Font Info:    Overwriting symbol font `letters' in version `bold'
(Font)                  OML/cmm/b/it --> OML/lmm/b/it on input line 27.
LaTeX Font Info:    Overwriting symbol font `symbols' in version `bold'
(Font)                  OMS/cmsy/b/n --> OMS/lmsy/b/n on input line 28.
LaTeX Font Info:    Overwriting symbol font `largesymbols' in version `bold'
(Font)                  OMX/cmex/m/n --> OMX/lmex/m/n on input line 29.
LaTeX Font Info:    Overwriting math alphabet `\mathbf' in version `normal'
(Font)                  OT1/cmr/bx/n --> OT1/lmr/bx/n on input line 31.
LaTeX Font Info:    Overwriting math alphabet `\mathsf' in version `normal'
(Font)                  OT1/cmss/m/n --> OT1/lmss/m/n on input line 32.
LaTeX Font Info:    Overwriting math alphabet `\mathit' in version `normal'
(Font)                  OT1/cmr/m/it --> OT1/lmr/m/it on input line 33.
LaTeX Font Info:    Overwriting math alphabet `\mathtt' in version `normal'
(Font)                  OT1/cmtt/m/n --> OT1/lmtt/m/n on input line 34.
LaTeX Font Info:    Overwriting math alphabet `\mathbf' in version `bold'
(Font)                  OT1/cmr/bx/n --> OT1/lmr/bx/n on input line 35.
LaTeX Font Info:    Overwriting math alphabet `\mathsf' in version `bold'
(Font)                  OT1/cmss/bx/n --> OT1/lmss/bx/n on input line 36.
LaTeX Font Info:    Overwriting math alphabet `\mathit' in version `bold'
(Font)                  OT1/cmr/bx/it --> OT1/lmr/bx/it on input line 37.
LaTeX Font Info:    Overwriting math alphabet `\mathtt' in version `bold'
(Font)                  OT1/cmtt/m/n --> OT1/lmtt/m/n on input line 38.
)
(C:\Users\dbobe\AppData\Local\Programs\MiKTeX\tex/latex/base\fontenc.sty
Package: fontenc 2021/04/29 v2.0v Standard LaTeX package
LaTeX Font Info:    Trying to load font information for T1+lmr on input line 11
2.

(C:\Users\dbobe\AppData\Local\Programs\MiKTeX\tex/latex/lm\t1lmr.fd
File: t1lmr.fd 2015/05/01 v1.6.1 Font defs for Latin Modern
))
(C:\Users\dbobe\AppData\Local\Programs\MiKTeX\tex/latex/psnfss\helvet.sty
Package: helvet 2020/03/25 PSNFSS-v9.3 (WaS) 
)
(C:\Users\dbobe\AppData\Local\Programs\MiKTeX\tex/latex/geometry\geometry.sty
Package: geometry 2020/01/02 v5.9 Page Geometry

(C:\Users\dbobe\AppData\Local\Programs\MiKTeX\tex/generic/iftex\ifvtex.sty
Package: ifvtex 2019/10/25 v1.7 ifvtex legacy package. Use iftex instead.

(C:\Users\dbobe\AppData\Local\Programs\MiKTeX\tex/generic/iftex\iftex.sty
Package: iftex 2022/02/03 v1.0f TeX engine tests
))
\Gm@cnth=\count195
\Gm@cntv=\count196
\c@Gm@tempcnt=\count197
\Gm@bindingoffset=\dimen148
\Gm@wd@mp=\dimen149
\Gm@odd@mp=\dimen150
\Gm@even@mp=\dimen151
\Gm@layoutwidth=\dimen152
\Gm@layoutheight=\dimen153
\Gm@layouthoffset=\dimen154
\Gm@layoutvoffset=\dimen155
\Gm@dimlist=\toks18

(C:\Users\dbobe\AppData\Local\Programs\MiKTeX\tex/latex/geometry\geometry.cfg))
*geometry* verbose mode - [ newgeometry ] result:
* driver: 
* paper: <default>
* layout: <same size as paper>
* layoutoffset:(h,v)=(0.0pt,0.0pt)
* modes: includefoot twoside 
* h-part:(L,W,R)=(90.3375pt, 433.62001pt, 90.3375pt)
* v-part:(T,H,B)=(72.26999pt, 672.11122pt, 50.58878pt)
* \paperwidth=614.295pt
* \paperheight=794.96999pt
* \textwidth=433.62001pt
* \textheight=644.64827pt
* \oddsidemargin=18.0675pt
* \evensidemargin=18.0675pt
* \topmargin=-31.8738pt
* \headheight=12.0pt
* \headsep=19.8738pt
* \topskip=11.0pt
* \footskip=27.46295pt
* \marginparwidth=116.0pt
* \marginparsep=7.0pt
* \columnsep=10.0pt
* \skip\footins=10.0pt plus 4.0pt minus 2.0pt
* \hoffset=0.0pt
* \voffset=0.0pt
* \mag=1000
* \@twocolumnfalse
* \@twosidetrue
* \@mparswitchtrue
* \@reversemarginfalse
* (1in=72.27pt=25.4mm, 1cm=28.453pt)

(C:\Users\dbobe\AppData\Local\Programs\MiKTeX\tex/latex/setspace\setspace.sty
Package: setspace 2022/12/04 v6.7b set line spacing
)
(C:\Users\dbobe\AppData\Local\Programs\MiKTeX\tex/latex/nowidow\nowidow.sty
Package: nowidow 2011/09/20 1.0 Easily prevent widows and orphans
Package: nowidow 

(C:\Users\dbobe\AppData\Local\Programs\MiKTeX\tex/latex/kvoptions\kvoptions.sty
Package: kvoptions 2022-06-15 v3.15 Key value format for package options (HO)
(C:\Users\dbobe\AppData\Local\Programs\MiKTeX\tex/generic/ltxcmds\ltxcmds.sty
Package: ltxcmds 2020-05-10 v1.25 LaTeX kernel commands for general use (HO)
)
(C:\Users\dbobe\AppData\Local\Programs\MiKTeX\tex/latex/kvsetkeys\kvsetkeys.sty
Package: kvsetkeys 2022-10-05 v1.19 Key value parser (HO)
))) (C:\Users\dbobe\AppData\Local\Programs\MiKTeX\tex/latex/tocloft\tocloft.sty
Package: tocloft 2017/08/31 v2.3i parameterised ToC, etc., typesetting
Package tocloft Info: The document has chapter divisions on input line 51.
\cftparskip=\skip51
\cftbeforetoctitleskip=\skip52
\cftaftertoctitleskip=\skip53
\cftbeforepartskip=\skip54
\cftpartnumwidth=\skip55
\cftpartindent=\skip56
\cftbeforechapskip=\skip57
\cftchapindent=\skip58
\cftchapnumwidth=\skip59
\cftbeforesecskip=\skip60
\cftsecindent=\skip61
\cftsecnumwidth=\skip62
\cftbeforesubsecskip=\skip63
\cftsubsecindent=\skip64
\cftsubsecnumwidth=\skip65
\cftbeforesubsubsecskip=\skip66
\cftsubsubsecindent=\skip67
\cftsubsubsecnumwidth=\skip68
\cftbeforeparaskip=\skip69
\cftparaindent=\skip70
\cftparanumwidth=\skip71
\cftbeforesubparaskip=\skip72
\cftsubparaindent=\skip73
\cftsubparanumwidth=\skip74
\cftbeforeloftitleskip=\skip75
\cftafterloftitleskip=\skip76
\cftbeforefigskip=\skip77
\cftfigindent=\skip78
\cftfignumwidth=\skip79
\c@lofdepth=\count198
\c@lotdepth=\count199
\cftbeforelottitleskip=\skip80
\cftafterlottitleskip=\skip81
\cftbeforetabskip=\skip82
\cfttabindent=\skip83
\cfttabnumwidth=\skip84
) (C:\Users\dbobe\AppData\Local\Programs\MiKTeX\tex/latex/appendix\appendix.sty
Package: appendix 2020/02/08 v1.2c extra appendix facilities
\c@@pps=\count266
\c@@ppsavesec=\count267
\c@@ppsaveapp=\count268
) (C:\Users\dbobe\AppData\Local\Programs\MiKTeX\tex/latex/hyperref\hyperref.sty
Package: hyperref 2022-09-22 v7.00t Hypertext links for LaTeX

(C:\Users\dbobe\AppData\Local\Programs\MiKTeX\tex/generic/pdftexcmds\pdftexcmds
.sty
Package: pdftexcmds 2020-06-27 v0.33 Utility functions of pdfTeX for LuaTeX (HO
)

(C:\Users\dbobe\AppData\Local\Programs\MiKTeX\tex/generic/infwarerr\infwarerr.s
ty
Package: infwarerr 2019/12/03 v1.5 Providing info/warning/error messages (HO)
)
Package pdftexcmds Info: \pdf@primitive is available.
Package pdftexcmds Info: \pdf@ifprimitive is available.
Package pdftexcmds Info: \pdfdraftmode found.
)
(C:\Users\dbobe\AppData\Local\Programs\MiKTeX\tex/generic/kvdefinekeys\kvdefine
keys.sty
Package: kvdefinekeys 2019-12-19 v1.6 Define keys (HO)
)
(C:\Users\dbobe\AppData\Local\Programs\MiKTeX\tex/generic/pdfescape\pdfescape.s
ty
Package: pdfescape 2019/12/09 v1.15 Implements pdfTeX's escape features (HO)
) (C:\Users\dbobe\AppData\Local\Programs\MiKTeX\tex/latex/hycolor\hycolor.sty
Package: hycolor 2020-01-27 v1.10 Color options for hyperref/bookmark (HO)
)
(C:\Users\dbobe\AppData\Local\Programs\MiKTeX\tex/latex/letltxmacro\letltxmacro
.sty
Package: letltxmacro 2019/12/03 v1.6 Let assignment for LaTeX macros (HO)
)
(C:\Users\dbobe\AppData\Local\Programs\MiKTeX\tex/latex/auxhook\auxhook.sty
Package: auxhook 2019-12-17 v1.6 Hooks for auxiliary files (HO)
)
(C:\Users\dbobe\AppData\Local\Programs\MiKTeX\tex/latex/hyperref\nameref.sty
Package: nameref 2022-05-17 v2.50 Cross-referencing by name of section

(C:\Users\dbobe\AppData\Local\Programs\MiKTeX\tex/latex/refcount\refcount.sty
Package: refcount 2019/12/15 v3.6 Data extraction from label references (HO)
)
(C:\Users\dbobe\AppData\Local\Programs\MiKTeX\tex/generic/gettitlestring\gettit
lestring.sty
Package: gettitlestring 2019/12/15 v1.6 Cleanup title references (HO)
)
\c@section@level=\count269
)
\@linkdim=\dimen156
\Hy@linkcounter=\count270
\Hy@pagecounter=\count271

(C:\Users\dbobe\AppData\Local\Programs\MiKTeX\tex/latex/hyperref\pd1enc.def
File: pd1enc.def 2022-09-22 v7.00t Hyperref: PDFDocEncoding definition (HO)
Now handling font encoding PD1 ...
... no UTF-8 mapping file for font encoding PD1
)
(C:\Users\dbobe\AppData\Local\Programs\MiKTeX\tex/generic/intcalc\intcalc.sty
Package: intcalc 2019/12/15 v1.3 Expandable calculations with integers (HO)
)
(C:\Users\dbobe\AppData\Local\Programs\MiKTeX\tex/generic/etexcmds\etexcmds.sty
Package: etexcmds 2019/12/15 v1.7 Avoid name clashes with e-TeX commands (HO)
)
\Hy@SavedSpaceFactor=\count272
 (C:\Users\dbobe\AppData\Local\Programs\MiKTeX\tex/latex/hyperref\puenc.def
File: puenc.def 2022-09-22 v7.00t Hyperref: PDF Unicode definition (HO)
Now handling font encoding PU ...
... no UTF-8 mapping file for font encoding PU
)
Package hyperref Info: Hyper figures OFF on input line 4162.
Package hyperref Info: Link nesting OFF on input line 4167.
Package hyperref Info: Hyper index ON on input line 4170.
Package hyperref Info: Plain pages OFF on input line 4177.
Package hyperref Info: Backreferencing OFF on input line 4182.
Package hyperref Info: Implicit mode ON; LaTeX internals redefined.
Package hyperref Info: Bookmarks ON on input line 4410.
\c@Hy@tempcnt=\count273

(C:\Users\dbobe\AppData\Local\Programs\MiKTeX\tex/latex/url\url.sty
\Urlmuskip=\muskip16
Package: url 2013/09/16  ver 3.4  Verb mode for urls, etc.
)
LaTeX Info: Redefining \url on input line 4748.
\XeTeXLinkMargin=\dimen157

(C:\Users\dbobe\AppData\Local\Programs\MiKTeX\tex/generic/bitset\bitset.sty
Package: bitset 2019/12/09 v1.3 Handle bit-vector datatype (HO)

(C:\Users\dbobe\AppData\Local\Programs\MiKTeX\tex/generic/bigintcalc\bigintcalc
.sty
Package: bigintcalc 2019/12/15 v1.5 Expandable calculations on big integers (HO
)
))
\Fld@menulength=\count274
\Field@Width=\dimen158
\Fld@charsize=\dimen159
Package hyperref Info: Hyper figures OFF on input line 6027.
Package hyperref Info: Link nesting OFF on input line 6032.
Package hyperref Info: Hyper index ON on input line 6035.
Package hyperref Info: backreferencing OFF on input line 6042.
Package hyperref Info: Link coloring OFF on input line 6047.
Package hyperref Info: Link coloring with OCG OFF on input line 6052.
Package hyperref Info: PDF/A mode OFF on input line 6057.

(C:\Users\dbobe\AppData\Local\Programs\MiKTeX\tex/latex/base\atbegshi-ltx.sty
Package: atbegshi-ltx 2021/01/10 v1.0c Emulation of the original atbegshi
package with kernel methods
)
\Hy@abspage=\count275
\c@Item=\count276
\c@Hfootnote=\count277
)
Package hyperref Info: Driver (autodetected): hpdftex.
(C:\Users\dbobe\AppData\Local\Programs\MiKTeX\tex/latex/hyperref\hpdftex.def
File: hpdftex.def 2022-09-22 v7.00t Hyperref driver for pdfTeX

(C:\Users\dbobe\AppData\Local\Programs\MiKTeX\tex/latex/base\atveryend-ltx.sty
Package: atveryend-ltx 2020/08/19 v1.0a Emulation of the original atveryend pac
kage
with kernel methods
)
\Fld@listcount=\count278
\c@bookmark@seq@number=\count279

(C:\Users\dbobe\AppData\Local\Programs\MiKTeX\tex/latex/rerunfilecheck\rerunfil
echeck.sty
Package: rerunfilecheck 2022-07-10 v1.10 Rerun checks for auxiliary files (HO)

(C:\Users\dbobe\AppData\Local\Programs\MiKTeX\tex/generic/uniquecounter\uniquec
ounter.sty
Package: uniquecounter 2019/12/15 v1.4 Provide unlimited unique counter (HO)
)
Package uniquecounter Info: New unique counter `rerunfilecheck' on input line 2
85.
)
\Hy@SectionHShift=\skip85
)
Package hyperref Info: Option `colorlinks' set `true' on input line 264.
)
(C:\Users\dbobe\AppData\Local\Programs\MiKTeX\tex/latex/tools\indentfirst.sty
Package: indentfirst 1995/11/23 v1.03 Indent first paragraph (DPC)
)
(C:\Users\dbobe\AppData\Local\Programs\MiKTeX\tex/latex/enumitem\enumitem.sty
Package: enumitem 2025/02/06 v3.11 Customized lists
\labelindent=\skip86
\enit@outerparindent=\dimen160
\enit@toks=\toks19
\enit@inbox=\box52
\enit@count@id=\count280
\enitdp@description=\count281
)
(C:\Users\dbobe\AppData\Local\Programs\MiKTeX\tex/latex/amsmath\amsmath.sty
Package: amsmath 2022/04/08 v2.17n AMS math features
\@mathmargin=\skip87

For additional information on amsmath, use the `?' option.
(C:\Users\dbobe\AppData\Local\Programs\MiKTeX\tex/latex/amsmath\amstext.sty
Package: amstext 2021/08/26 v2.01 AMS text

(C:\Users\dbobe\AppData\Local\Programs\MiKTeX\tex/latex/amsmath\amsgen.sty
File: amsgen.sty 1999/11/30 v2.0 generic functions
\@emptytoks=\toks20
\ex@=\dimen161
))
(C:\Users\dbobe\AppData\Local\Programs\MiKTeX\tex/latex/amsmath\amsbsy.sty
Package: amsbsy 1999/11/29 v1.2d Bold Symbols
\pmbraise@=\dimen162
)
(C:\Users\dbobe\AppData\Local\Programs\MiKTeX\tex/latex/amsmath\amsopn.sty
Package: amsopn 2022/04/08 v2.04 operator names
)
\inf@bad=\count282
LaTeX Info: Redefining \frac on input line 234.
\uproot@=\count283
\leftroot@=\count284
LaTeX Info: Redefining \overline on input line 399.
LaTeX Info: Redefining \colon on input line 410.
\classnum@=\count285
\DOTSCASE@=\count286
LaTeX Info: Redefining \ldots on input line 496.
LaTeX Info: Redefining \dots on input line 499.
LaTeX Info: Redefining \cdots on input line 620.
\Mathstrutbox@=\box53
\strutbox@=\box54
LaTeX Info: Redefining \big on input line 722.
LaTeX Info: Redefining \Big on input line 723.
LaTeX Info: Redefining \bigg on input line 724.
LaTeX Info: Redefining \Bigg on input line 725.
\big@size=\dimen163
LaTeX Font Info:    Redeclaring font encoding OML on input line 743.
LaTeX Font Info:    Redeclaring font encoding OMS on input line 744.
\macc@depth=\count287
LaTeX Info: Redefining \bmod on input line 905.
LaTeX Info: Redefining \pmod on input line 910.
LaTeX Info: Redefining \smash on input line 940.
LaTeX Info: Redefining \relbar on input line 970.
LaTeX Info: Redefining \Relbar on input line 971.
\c@MaxMatrixCols=\count288
\dotsspace@=\muskip17
\c@parentequation=\count289
\dspbrk@lvl=\count290
\tag@help=\toks21
\row@=\count291
\column@=\count292
\maxfields@=\count293
\andhelp@=\toks22
\eqnshift@=\dimen164
\alignsep@=\dimen165
\tagshift@=\dimen166
\tagwidth@=\dimen167
\totwidth@=\dimen168
\lineht@=\dimen169
\@envbody=\toks23
\multlinegap=\skip88
\multlinetaggap=\skip89
\mathdisplay@stack=\toks24
LaTeX Info: Redefining \[ on input line 2953.
LaTeX Info: Redefining \] on input line 2954.
)
(C:\Users\dbobe\AppData\Local\Programs\MiKTeX\tex/latex/tools\array.sty
Package: array 2022/03/10 v2.5f Tabular extension package (FMi)
\col@sep=\dimen170
\ar@mcellbox=\box55
\extrarowheight=\dimen171
\NC@list=\toks25
\extratabsurround=\skip90
\backup@length=\skip91
\ar@cellbox=\box56
)
(C:\Users\dbobe\AppData\Local\Programs\MiKTeX\tex/latex/natbib\natbib.sty
Package: natbib 2010/09/13 8.31b (PWD, AO)
\bibhang=\skip92
\bibsep=\skip93
LaTeX Info: Redefining \cite on input line 694.
\c@NAT@ctr=\count294
)
(C:\Users\dbobe\AppData\Local\Programs\MiKTeX\tex/latex/booktabs\booktabs.sty
Package: booktabs 2020/01/12 v1.61803398 Publication quality tables
\heavyrulewidth=\dimen172
\lightrulewidth=\dimen173
\cmidrulewidth=\dimen174
\belowrulesep=\dimen175
\belowbottomsep=\dimen176
\aboverulesep=\dimen177
\abovetopsep=\dimen178
\cmidrulesep=\dimen179
\cmidrulekern=\dimen180
\defaultaddspace=\dimen181
\@cmidla=\count295
\@cmidlb=\count296
\@aboverulesep=\dimen182
\@belowrulesep=\dimen183
\@thisruleclass=\count297
\@lastruleclass=\count298
\@thisrulewidth=\dimen184
)
(C:\Users\dbobe\AppData\Local\Programs\MiKTeX\tex/latex/tools\longtable.sty
Package: longtable 2021-09-01 v4.17 Multi-page Table package (DPC)
\LTleft=\skip94
\LTright=\skip95
\LTpre=\skip96
\LTpost=\skip97
\LTchunksize=\count299
\LTcapwidth=\dimen185
\LT@head=\box57
\LT@firsthead=\box58
\LT@foot=\box59
\LT@lastfoot=\box60
\LT@gbox=\box61
\LT@cols=\count300
\LT@rows=\count301
\c@LT@tables=\count302
\c@LT@chunks=\count303
\LT@p@ftn=\toks26
)
(C:\Users\dbobe\AppData\Local\Programs\MiKTeX\tex/latex/float\float.sty
Package: float 2001/11/08 v1.3d Float enhancements (AL)
\c@float@type=\count304
\float@exts=\toks27
\float@box=\box62
\@float@everytoks=\toks28
\@floatcapt=\box63
)
LaTeX Font Info:    Trying to load font information for T1+phv on input line 15
.

(C:\Users\dbobe\AppData\Local\Programs\MiKTeX\tex/latex/psnfss\t1phv.fd
File: t1phv.fd 2020/03/25 scalable font definitions for T1/phv.
)
(C:\Users\dbobe\AppData\Local\Programs\MiKTeX\tex/latex/l3backend\l3backend-pdf
tex.def
File: l3backend-pdftex.def 2022-09-28 L3 backend support: PDF output (pdfTeX)
\l__color_backend_stack_int=\count305
\l__pdf_internal_box=\box64
) (Formatted_Thesis.aux)
\openout1 = `Formatted_Thesis.aux'.

LaTeX Font Info:    Checking defaults for OML/cmm/m/it on input line 15.
LaTeX Font Info:    ... okay on input line 15.
LaTeX Font Info:    Checking defaults for OMS/cmsy/m/n on input line 15.
LaTeX Font Info:    ... okay on input line 15.
LaTeX Font Info:    Checking defaults for OT1/cmr/m/n on input line 15.
LaTeX Font Info:    ... okay on input line 15.
LaTeX Font Info:    Checking defaults for T1/cmr/m/n on input line 15.
LaTeX Font Info:    ... okay on input line 15.
LaTeX Font Info:    Checking defaults for TS1/cmr/m/n on input line 15.
LaTeX Font Info:    ... okay on input line 15.
LaTeX Font Info:    Checking defaults for OMX/cmex/m/n on input line 15.
LaTeX Font Info:    ... okay on input line 15.
LaTeX Font Info:    Checking defaults for U/cmr/m/n on input line 15.
LaTeX Font Info:    ... okay on input line 15.
LaTeX Font Info:    Checking defaults for PD1/pdf/m/n on input line 15.
LaTeX Font Info:    ... okay on input line 15.
LaTeX Font Info:    Checking defaults for PU/pdf/m/n on input line 15.
LaTeX Font Info:    ... okay on input line 15.

(C:\Users\dbobe\AppData\Local\Programs\MiKTeX\tex/context/base/mkii\supp-pdf.mk
ii
[Loading MPS to PDF converter (version 2006.09.02).]
\scratchcounter=\count306
\scratchdimen=\dimen186
\scratchbox=\box65
\nofMPsegments=\count307
\nofMParguments=\count308
\everyMPshowfont=\toks29
\MPscratchCnt=\count309
\MPscratchDim=\dimen187
\MPnumerator=\count310
\makeMPintoPDFobject=\count311
\everyMPtoPDFconversion=\toks30
)
(C:\Users\dbobe\AppData\Local\Programs\MiKTeX\tex/latex/epstopdf-pkg\epstopdf-b
ase.sty
Package: epstopdf-base 2020-01-24 v2.11 Base part for package epstopdf
Package epstopdf-base Info: Redefining graphics rule for `.eps' on input line 4
85.

(C:\Users\dbobe\AppData\Local\Programs\MiKTeX\tex/latex/00miktex\epstopdf-sys.c
fg
File: epstopdf-sys.cfg 2021/03/18 v2.0 Configuration of epstopdf for MiKTeX
))
*geometry* driver: auto-detecting
*geometry* detected driver: pdftex
*geometry* verbose mode - [ preamble ] result:
* driver: pdftex
* paper: <default>
* layout: <same size as paper>
* layoutoffset:(h,v)=(0.0pt,0.0pt)
* modes: includefoot twoside 
* h-part:(L,W,R)=(90.3375pt, 433.62001pt, 90.3375pt)
* v-part:(T,H,B)=(72.26999pt, 672.11122pt, 50.58878pt)
* \paperwidth=614.295pt
* \paperheight=794.96999pt
* \textwidth=433.62001pt
* \textheight=644.64827pt
* \oddsidemargin=18.0675pt
* \evensidemargin=18.0675pt
* \topmargin=-31.8738pt
* \headheight=12.0pt
* \headsep=19.8738pt
* \topskip=11.0pt
* \footskip=27.46295pt
* \marginparwidth=116.0pt
* \marginparsep=7.0pt
* \columnsep=10.0pt
* \skip\footins=16.49677pt
* \hoffset=0.0pt
* \voffset=0.0pt
* \mag=1000
* \@twocolumnfalse
* \@twosidetrue
* \@mparswitchtrue
* \@reversemarginfalse
* (1in=72.27pt=25.4mm, 1cm=28.453pt)

Package hyperref Info: Link coloring ON on input line 15.
(Formatted_Thesis.out) (Formatted_Thesis.out)
\@outlinefile=\write3
\openout3 = `Formatted_Thesis.out'.

LaTeX Font Info:    Font shape `T1/phv/b/it' in size <12> not available
(Font)              Font shape `T1/phv/b/sl' tried instead on input line 27.
<imc.png, id=331, 1204.5pt x 283.0575pt>
File: imc.png Graphic file (type png)
<use imc.png>
Package pdftex.def Info: imc.png  used on input line 27.
(pdftex.def)             Requested size: 433.62001pt x 101.9006pt.
 [1




{C:/Users/dbobe/AppData/Local/MiKTeX/fonts/map/pdftex/pdftex.map} <./imc.png>] 
(Formatted_Thesis.toc
LaTeX Font Info:    Trying to load font information for OT1+lmr on input line 1
.

(C:\Users\dbobe\AppData\Local\Programs\MiKTeX\tex/latex/lm\ot1lmr.fd
File: ot1lmr.fd 2015/05/01 v1.6.1 Font defs for Latin Modern
)
LaTeX Font Info:    Trying to load font information for OML+lmm on input line 1
.

(C:\Users\dbobe\AppData\Local\Programs\MiKTeX\tex/latex/lm\omllmm.fd
File: omllmm.fd 2015/05/01 v1.6.1 Font defs for Latin Modern
)
LaTeX Font Info:    Trying to load font information for OMS+lmsy on input line 
1.

(C:\Users\dbobe\AppData\Local\Programs\MiKTeX\tex/latex/lm\omslmsy.fd
File: omslmsy.fd 2015/05/01 v1.6.1 Font defs for Latin Modern
)
LaTeX Font Info:    Trying to load font information for OMX+lmex on input line 
1.

(C:\Users\dbobe\AppData\Local\Programs\MiKTeX\tex/latex/lm\omxlmex.fd
File: omxlmex.fd 2015/05/01 v1.6.1 Font defs for Latin Modern
)
LaTeX Font Info:    External font `lmex10' loaded for size
(Font)              <10.95> on input line 1.
LaTeX Font Info:    External font `lmex10' loaded for size
(Font)              <8> on input line 1.
LaTeX Font Info:    External font `lmex10' loaded for size
(Font)              <6> on input line 1.
 [2]
Underfull \vbox (badness 1642) has occurred while \output is active []

 [3])
\tf@toc=\write4
\openout4 = `Formatted_Thesis.toc'.


[4] [5


] [6

] [7] [8

]
LaTeX Font Info:    Font shape `T1/phv/m/it' in size <10.95> not available
(Font)              Font shape `T1/phv/m/sl' tried instead on input line 42.
 [9] [10

]
Chapter 1.
LaTeX Font Info:    Trying to load font information for TS1+phv on input line 5
9.
(C:\Users\dbobe\AppData\Local\Programs\MiKTeX\tex/latex/psnfss\ts1phv.fd
File: ts1phv.fd 2020/03/25 scalable font definitions for TS1/phv.
)
[1

]
Overfull \hbox (2.64145pt too wide) in paragraph at lines 75--76
[]\T1/phv/m/n/10.95 How can a lifecycle-oriented frame-work sup-port decision-m
aking, reuse, and align-
 []

[2]
Chapter 2.
[3

] [4] [5] [6] [7] [8] [9] [10] [11] [12] [13] [14]
Underfull \vbox (badness 1147) has occurred while \output is active []

 [15]
Overfull \hbox (1.06642pt too wide) in paragraph at lines 554--554
|[]\T1/phv/b/n/14.4 AI Im-ple-men-ta-tion and Scal-ing Frame-works: A Com-pre-h
en-
 []

[16] [17] [18]
Underfull \vbox (badness 3503) has occurred while \output is active []

 [19]
Underfull \vbox (badness 10000) has occurred while \output is active []

 [20]
Underfull \vbox (badness 4454) has occurred while \output is active []

 [21]
Overfull \hbox (21.98383pt too wide) in alignment at lines 656--664
 [] [] [] [] [] 
 []


Overfull \hbox (21.98383pt too wide) in alignment at lines 664--666
 [] [] [] [] [] 
 []

LaTeX Font Info:    External font `lmex10' loaded for size
(Font)              <9> on input line 710.
LaTeX Font Info:    External font `lmex10' loaded for size
(Font)              <5> on input line 710.

Overfull \hbox (21.98383pt too wide) in alignment at lines 666--760
 [] [] [] [] [] 
 []

[22]
LaTeX Info: Symbol \textrightarrow not provided by
            font family phv in TS1 encoding.
            Default family used instead on input line 771.
LaTeX Font Info:    Trying to load font information for T1+cmss on input line 7
71.
 (C:\Users\dbobe\AppData\Local\Programs\MiKTeX\tex/latex/base\t1cmss.fd
File: t1cmss.fd 2019/12/16 v2.5j Standard LaTeX font definitions
)
LaTeX Font Info:    Trying to load font information for TS1+cmss on input line 
771.

(C:\Users\dbobe\AppData\Local\Programs\MiKTeX\tex/latex/base\ts1cmss.fd
File: ts1cmss.fd 2019/12/16 v2.5j Standard LaTeX font definitions
)
LaTeX Info: Symbol \textrightarrow not provided by
            font family phv in TS1 encoding.
            Default family used instead on input line 771.
LaTeX Info: Symbol \textrightarrow not provided by
            font family phv in TS1 encoding.
            Default family used instead on input line 772.

[23] [24

]
Chapter 3.
[25] [26] [27]
Underfull \vbox (badness 10000) has occurred while \output is active []

 [28]
Underfull \hbox (badness 10000) in paragraph at lines 1004--1005
[]|\T1/phv/b/n/10.95 Implementation in
 []


Underfull \hbox (badness 10000) in paragraph at lines 1006--1006
[]|\T1/phv/m/n/10.95 Enterprise Ar-chi-
 []


Underfull \hbox (badness 10000) in paragraph at lines 1007--1007
\T1/phv/m/n/10.95 sys-temic in-te-gra-
 []


Underfull \hbox (badness 10000) in paragraph at lines 1008--1008
\T1/phv/m/n/10.95 egy and ar-chi-tec-tural
 []


Underfull \hbox (badness 10000) in paragraph at lines 1009--1010
[]|\T1/phv/m/n/10.95 Strategic align-ment
 []


Underfull \hbox (badness 4846) in paragraph at lines 1009--1010
\T1/phv/m/n/10.95 checks at each SAIL
 []


Underfull \hbox (badness 10000) in paragraph at lines 1009--1010
\T1/phv/m/n/10.95 stage; de-fined gov-
 []


Underfull \hbox (badness 10000) in paragraph at lines 1009--1010
\T1/phv/m/n/10.95 er-nance roles and
 []


Underfull \hbox (badness 10000) in paragraph at lines 1012--1012
[]|\T1/phv/m/n/10.95 Organizational
 []


Underfull \hbox (badness 10000) in paragraph at lines 1012--1012
\T1/phv/m/n/10.95 readi-ness, dig-i-tal
 []


Underfull \hbox (badness 10000) in paragraph at lines 1012--1012
\T1/phv/m/n/10.95 ma-tu-rity, cul-tural
 []


Underfull \hbox (badness 10000) in paragraph at lines 1013--1013
[]|\T1/phv/m/n/10.95 AI adop-tion re-quires
 []


Underfull \hbox (badness 10000) in paragraph at lines 1013--1013
\T1/phv/m/n/10.95 phased or-ga-ni-za-tional
 []


Underfull \hbox (badness 10000) in paragraph at lines 1013--1013
\T1/phv/m/n/10.95 en-able-ment be-yond
 []


Underfull \hbox (badness 10000) in paragraph at lines 1014--1015
[]|\T1/phv/m/n/10.95 Lifecycle pro-gres-sion
 []


Underfull \hbox (badness 2903) in paragraph at lines 1014--1015
\T1/phv/m/n/10.95 with readi-ness con-sid-
 []


Underfull \hbox (badness 6094) in paragraph at lines 1014--1015
\T1/phv/m/n/10.95 er-a-tions em-bed-ded in
 []


Underfull \hbox (badness 10000) in paragraph at lines 1016--1016
[]|\T1/phv/m/n/10.95 Innovation Dif-fu-
 []


Underfull \hbox (badness 10000) in paragraph at lines 1017--1017
[]|\T1/phv/m/n/10.95 Adoption stages,
 []


Underfull \hbox (badness 1117) in paragraph at lines 1018--1018
\T1/phv/m/n/10.95 un-evenly across teams
 []


Underfull \hbox (badness 2050) in paragraph at lines 1018--1018
\T1/phv/m/n/10.95 and re-quires co-or-di-na-
 []


Underfull \hbox (badness 10000) in paragraph at lines 1019--1020
[]|\T1/phv/m/n/10.95 Lifecycle stages sup-
 []


Underfull \hbox (badness 10000) in paragraph at lines 1019--1020
\T1/phv/m/n/10.95 val-i-da-tion, and struc-
 []


Underfull \hbox (badness 10000) in paragraph at lines 1019--1020
\T1/phv/m/n/10.95 tured scal-ing across
 []


Underfull \hbox (badness 10000) in paragraph at lines 1022--1022
[]|\T1/phv/m/n/10.95 Sensing, seiz-ing,
 []


Underfull \hbox (badness 10000) in paragraph at lines 1024--1025
\T1/phv/m/n/10.95 and de-ci-sion gates
 []


Underfull \hbox (badness 6032) in paragraph at lines 1024--1025
\T1/phv/m/n/10.95 en-abling re-assess-ment
 []


Underfull \hbox (badness 10000) in paragraph at lines 1024--1025
\T1/phv/m/n/10.95 and trans-for-ma-tion
 []


Underfull \hbox (badness 10000) in paragraph at lines 1027--1027
[]|\T1/phv/m/n/10.95 Diagnostic as-
 []


Underfull \hbox (badness 10000) in paragraph at lines 1027--1027
\T1/phv/m/n/10.95 sess-ment of AI
 []


Underfull \hbox (badness 1062) in paragraph at lines 1028--1028
\T1/phv/m/n/10.95 must trans-late into ac-
 []


Underfull \hbox (badness 1137) in paragraph at lines 1028--1028
\T1/phv/m/n/10.95 tion-able im-ple-men-ta-tion
 []


Underfull \hbox (badness 4120) in paragraph at lines 1029--1030
[]|\T1/phv/m/n/10.95 SAIL ex-tends ma-tu-rity
 []


Overfull \hbox (35.4804pt too wide) in paragraph at lines 1002--1032
 [][] 
 []

[29] [30
pdfTeX warning (ext4): destination with the same identifier (name{table.3.1}) h
as been already used, duplicate ignored
<argument> ...shipout:D \box_use:N \l_shipout_box 
                                                  \__shipout_drop_firstpage_...
l.1067 	V
         alue-driven use case prioritization: The adoption process will be]
[31] [32

]
Chapter 4.
[33] [34]
Underfull \vbox (badness 1048) has occurred while \output is active []

 [35]
[36]
LaTeX Info: Symbol \textrightarrow not provided by
            font family phv in TS1 encoding.
            Default family used instead on input line 1339.
 [37]
LaTeX Info: Symbol \textrightarrow not provided by
            font family phv in TS1 encoding.
            Default family used instead on input line 1346.
LaTeX Info: Symbol \textrightarrow not provided by
            font family phv in TS1 encoding.
            Default family used instead on input line 1353.
LaTeX Info: Symbol \textrightarrow not provided by
            font family phv in TS1 encoding.
            Default family used instead on input line 1358.
 [38] [39] [40

]
Chapter 5.

Underfull \vbox (badness 10000) has occurred while \output is active []

 [41]
[42] [43]
Underfull \vbox (badness 10000) has occurred while \output is active []

 [44]
Underfull \vbox (badness 2913) has occurred while \output is active []

 [45]
Overfull \hbox (1.12474pt too wide) in paragraph at lines 1672--1672
[]|\T1/phv/b/n/10.95 Possible 
 []


Overfull \hbox (48.00659pt too wide) in alignment at lines 1668--1676
 [] [] [] [] [] 
 []


Overfull \hbox (48.00659pt too wide) in alignment at lines 1676--1678
 [] [] [] [] [] 
 []

LaTeX Info: Symbol \textrightarrow not provided by
            font family phv in TS1 encoding.
            Default family used instead on input line 1692.
LaTeX Info: Symbol \textrightarrow not provided by
            font family phv in TS1 encoding.
            Default family used instead on input line 1694.
LaTeX Info: Symbol \textrightarrow not provided by
            font family phv in TS1 encoding.
            Default family used instead on input line 1707.
LaTeX Info: Symbol \textrightarrow not provided by
            font family phv in TS1 encoding.
            Default family used instead on input line 1722.
LaTeX Info: Symbol \textrightarrow not provided by
            font family phv in TS1 encoding.
            Default family used instead on input line 1724.
LaTeX Info: Symbol \textrightarrow not provided by
            font family phv in TS1 encoding.
            Default family used instead on input line 1739.
LaTeX Info: Symbol \textrightarrow not provided by
            font family phv in TS1 encoding.
            Default family used instead on input line 1741.
LaTeX Info: Symbol \textrightarrow not provided by
            font family phv in TS1 encoding.
            Default family used instead on input line 1756.
LaTeX Info: Symbol \textrightarrow not provided by
            font family phv in TS1 encoding.
            Default family used instead on input line 1758.
LaTeX Info: Symbol \textrightarrow not provided by
            font family phv in TS1 encoding.
            Default family used instead on input line 1771.
LaTeX Info: Symbol \textrightarrow not provided by
            font family phv in TS1 encoding.
            Default family used instead on input line 1773.
LaTeX Info: Symbol \textrightarrow not provided by
            font family phv in TS1 encoding.
            Default family used instead on input line 1788.
LaTeX Info: Symbol \textrightarrow not provided by
            font family phv in TS1 encoding.
            Default family used instead on input line 1790.
LaTeX Info: Symbol \textrightarrow not provided by
            font family phv in TS1 encoding.
            Default family used instead on input line 1803.
LaTeX Info: Symbol \textrightarrow not provided by
            font family phv in TS1 encoding.
            Default family used instead on input line 1805.

Overfull \hbox (48.00659pt too wide) in alignment at lines 1678--1807
 [] [] [] [] [] 
 []

[46] [47] [48] [49] [50]
Overfull \hbox (1.92253pt too wide) in paragraph at lines 2026--2027
[]\T1/phv/m/n/10.95 How does this help the busi-ness? What value
 []

[51] [52] [53] [54] [55] [56] [57] [58] [59] [60] [61] [62]
Underfull \hbox (badness 10000) in paragraph at lines 2743--2744
[]|\T1/phv/b/n/9 Governance
 []


Underfull \hbox (badness 10000) in paragraph at lines 2745--2745
[]|\T1/phv/m/n/9 Identify and
 []


Underfull \hbox (badness 10000) in paragraph at lines 2745--2745
[]|\T1/phv/m/n/9 Problem dis-cov-
 []


Underfull \hbox (badness 10000) in paragraph at lines 2745--2745
\T1/phv/m/n/9 ery, stake-holder
 []


Underfull \hbox (badness 10000) in paragraph at lines 2745--2745
[]|\T1/phv/m/n/9 Prioritized use
 []


Underfull \hbox (badness 10000) in paragraph at lines 2747--2747
[]|\T1/phv/m/n/9 2. Strate-gic
 []


Underfull \hbox (badness 10000) in paragraph at lines 2747--2747
\T1/phv/m/n/9 Align-ment
 []


Underfull \hbox (badness 3769) in paragraph at lines 2747--2747
\T1/phv/m/n/9 ties with strat-
 []


Underfull \hbox (badness 10000) in paragraph at lines 2747--2747
[]|\T1/phv/m/n/9 Dual anal-y-sis by
 []


Underfull \hbox (badness 3735) in paragraph at lines 2747--2747
\T1/phv/m/n/9 teams and gov-er-
 []


Underfull \hbox (badness 10000) in paragraph at lines 2747--2747
[]|\T1/phv/m/n/9 Approved use
 []


Underfull \hbox (badness 10000) in paragraph at lines 2747--2748
[]|\T1/phv/m/n/9 Does it align
 []


Underfull \hbox (badness 10000) in paragraph at lines 2749--2749
[]|\T1/phv/m/n/9 3. Fea-si-bil-ity
 []


Underfull \hbox (badness 10000) in paragraph at lines 2749--2749
\T1/phv/m/n/9 & Risk As-
 []


Underfull \hbox (badness 10000) in paragraph at lines 2749--2749
[]|\T1/phv/m/n/9 Assess tech-
 []


Underfull \hbox (badness 7832) in paragraph at lines 2749--2749
\T1/phv/m/n/9 ni-cal and risk
 []


Underfull \hbox (badness 10000) in paragraph at lines 2749--2749
[]|\T1/phv/m/n/9 Feasibility study,
 []


Underfull \hbox (badness 10000) in paragraph at lines 2749--2749
\T1/phv/m/n/9 risk anal-y-sis, re-
 []


Underfull \hbox (badness 6204) in paragraph at lines 2749--2749
[]|\T1/phv/m/n/9 Go/no-go de-ci-
 []


Underfull \hbox (badness 1454) in paragraph at lines 2749--2750
[]|\T1/phv/m/n/9 Are risks man-
 []


Underfull \hbox (badness 10000) in paragraph at lines 2751--2751
[]|\T1/phv/m/n/9 Define pi-lot
 []


Underfull \hbox (badness 10000) in paragraph at lines 2751--2751
\T1/phv/m/n/9 im-ple-men-ta-tion
 []


Underfull \hbox (badness 1442) in paragraph at lines 2751--2751
[]|\T1/phv/m/n/9 Roadmap cre-ation,
 []


Underfull \hbox (badness 6708) in paragraph at lines 2751--2751
\T1/phv/m/n/9 gov-er-nance setup,
 []


Underfull \hbox (badness 1210) in paragraph at lines 2751--2751
[]|\T1/phv/m/n/9 Pilot im-ple-men-
 []


Underfull \hbox (badness 2980) in paragraph at lines 2753--2753
[]|\T1/phv/m/n/9 Development, test-
 []


Underfull \hbox (badness 3977) in paragraph at lines 2755--2755
[]|\T1/phv/m/n/9 6. Eval-u-a-tion
 []


Underfull \hbox (badness 10000) in paragraph at lines 2755--2755
[]|\T1/phv/m/n/9 Evaluate pi-lot
 []


Underfull \hbox (badness 2644) in paragraph at lines 2755--2755
\T1/phv/m/n/9 and de-cide on
 []


Underfull \hbox (badness 10000) in paragraph at lines 2755--2755
[]|\T1/phv/m/n/9 Results anal-y-sis,
 []


Underfull \hbox (badness 1087) in paragraph at lines 2755--2755
\T1/phv/m/n/9 stake-holder re-view,
 []


Underfull \hbox (badness 6927) in paragraph at lines 2755--2755
\T1/phv/m/n/9 cost-benefit anal-y-
 []


Underfull \hbox (badness 10000) in paragraph at lines 2755--2755
[]|\T1/phv/m/n/9 Scale/no-scale
 []


Underfull \hbox (badness 1509) in paragraph at lines 2757--2757
[]|\T1/phv/m/n/9 7. Scale De-
 []


Underfull \hbox (badness 10000) in paragraph at lines 2757--2757
\T1/phv/m/n/9 organization-
 []


Underfull \hbox (badness 10000) in paragraph at lines 2757--2757
[]|\T1/phv/m/n/9 Change man-
 []


Underfull \hbox (badness 10000) in paragraph at lines 2757--2757
\T1/phv/m/n/9 age-ment, sys-tem
 []


Underfull \hbox (badness 1661) in paragraph at lines 2757--2757
\T1/phv/m/n/9 in-te-gra-tion, MLOps
 []


Underfull \hbox (badness 10000) in paragraph at lines 2757--2758
[]|\T1/phv/m/n/9 Is de-ploy-ment
 []


Underfull \hbox (badness 10000) in paragraph at lines 2759--2759
[]|\T1/phv/m/n/9 8. AI-Native
 []


Underfull \hbox (badness 10000) in paragraph at lines 2759--2759
[]|\T1/phv/m/n/9 Continuously
 []


Underfull \hbox (badness 5374) in paragraph at lines 2759--2759
[]|\T1/phv/m/n/9 Performance mon-
 []


Underfull \hbox (badness 10000) in paragraph at lines 2759--2759
\T1/phv/m/n/9 i-tor-ing, pro-cess
 []


Underfull \hbox (badness 10000) in paragraph at lines 2759--2759
\T1/phv/m/n/9 reengi-neer-ing,
 []


Underfull \hbox (badness 10000) in paragraph at lines 2759--2759
[]|\T1/phv/m/n/9 AI-native busi-
 []


Underfull \hbox (badness 10000) in paragraph at lines 2759--2760
[]|\T1/phv/m/n/9 Is con-tin-u-ous
 []


Underfull \hbox (badness 10000) in paragraph at lines 2759--2760
\T1/phv/m/n/9 im-prove-ment
 []


Underfull \vbox (badness 10000) has occurred while \output is active []

 [63]
[64
pdfTeX warning (ext4): destination with the same identifier (name{table.5.2}) h
as been already used, duplicate ignored
<argument> ...shipout:D \box_use:N \l_shipout_box 
                                                  \__shipout_drop_firstpage_...
l.2770 \chapter
               {Use Case Implementation \&]
Chapter 6.

Overfull \hbox (11.99998pt too wide) in alignment at lines 2796--2800
 [] [] 
 []


Overfull \hbox (11.99998pt too wide) in alignment at lines 2800--2802
 [] [] 
 []


Overfull \hbox (11.99998pt too wide) in alignment at lines 2802--2816
 [] [] 
 []

[65

] [66]
Overfull \hbox (11.99998pt too wide) in alignment at lines 2861--2865
 [] [] 
 []


Overfull \hbox (11.99998pt too wide) in alignment at lines 2865--2867
 [] [] 
 []


Overfull \hbox (11.99998pt too wide) in alignment at lines 2867--2878
 [] [] 
 []

[67] [68] [69]
Overfull \hbox (11.99998pt too wide) in alignment at lines 2948--2952
 [] [] 
 []


Overfull \hbox (11.99998pt too wide) in alignment at lines 2952--2954
 [] [] 
 []


Overfull \hbox (11.99998pt too wide) in alignment at lines 2954--2965
 [] [] 
 []

[70] [71]
Overfull \hbox (11.99998pt too wide) in alignment at lines 3018--3022
 [] [] 
 []


Overfull \hbox (11.99998pt too wide) in alignment at lines 3022--3024
 [] [] 
 []


Overfull \hbox (11.99998pt too wide) in alignment at lines 3024--3035
 [] [] 
 []

[72]
Underfull \vbox (badness 1721) has occurred while \output is active []

 [73]
Overfull \hbox (11.99998pt too wide) in alignment at lines 3084--3088
 [] [] 
 []


Overfull \hbox (11.99998pt too wide) in alignment at lines 3088--3090
 [] [] 
 []


Overfull \hbox (11.99998pt too wide) in alignment at lines 3090--3100
 [] [] 
 []


Underfull \vbox (badness 1946) has occurred while \output is active []

 [74]
Overfull \hbox (11.99998pt too wide) in alignment at lines 3124--3128
 [] [] 
 []


Overfull \hbox (11.99998pt too wide) in alignment at lines 3128--3130
 [] [] 
 []


Overfull \hbox (11.99998pt too wide) in alignment at lines 3130--3140
 [] [] 
 []

[75] [76] [77]
Overfull \hbox (11.99998pt too wide) in alignment at lines 3201--3205
 [] [] 
 []


Overfull \hbox (11.99998pt too wide) in alignment at lines 3205--3207
 [] [] 
 []


Overfull \hbox (11.99998pt too wide) in alignment at lines 3207--3217
 [] [] 
 []

[78] [79] [80]
Overfull \hbox (0.66838pt too wide) in paragraph at lines 3260--3262
[]\T1/phv/b/n/10.95 Evaluation & Scal-ing De-ci-sion: \T1/phv/m/n/10.95 As al-r
eady men-tioned, the im-pact and the trust gained
 []

[81] [82]
Overfull \hbox (11.99998pt too wide) in alignment at lines 3302--3306
 [] [] 
 []


Overfull \hbox (11.99998pt too wide) in alignment at lines 3306--3308
 [] [] 
 []


Overfull \hbox (11.99998pt too wide) in alignment at lines 3308--3318
 [] [] 
 []

[83] [84] [85] [86] [87] [88] [89] [90

]
Chapter 7.

Underfull \vbox (badness 10000) has occurred while \output is active []

 [91]
[92] [93] [94] [95] [96

]
Chapter 8.
[97] [98] [99] [100] (Formatted_Thesis.bbl
LaTeX Font Info:    Trying to load font information for T1+lmtt on input line 4
6.

(C:\Users\dbobe\AppData\Local\Programs\MiKTeX\tex/latex/lm\t1lmtt.fd
File: t1lmtt.fd 2015/05/01 v1.6.1 Font defs for Latin Modern
)
Underfull \hbox (badness 10000) in paragraph at lines 58--62
[]\T1/phv/m/n/10.95 Bain & Com-pany (2024).  Ai: The am-bi-tions are bold,
 []


Underfull \hbox (badness 10000) in paragraph at lines 58--62
\T1/phv/m/n/10.95 but the tal-ent is scarce.  [][]$\T1/lmtt/m/n/10.95 https : /
 / www . bain . com / insights /
 []

[101


]
Underfull \hbox (badness 2035) in paragraph at lines 140--145
[]\T1/phv/m/n/10.95 Deloitte (2023).  Dig-i-tal ma-tu-rity in-dex.  [][]$\T1/lm
tt/m/n/10.95 https : / / www . deloitte . com / global / en /
 []


Underfull \hbox (badness 10000) in paragraph at lines 140--145
\T1/lmtt/m/n/10.95 Industries / industrial-[]construction / perspectives / digi
tal-[]maturity-[]index .
 []

[102]
Underfull \hbox (badness 5832) in paragraph at lines 198--203
[]\T1/phv/m/n/10.95 Forth, P., Re-ichert, T., de Laubier, R., and Chakraborty, 
S. (2020).  Flip-
 []


Underfull \hbox (badness 3525) in paragraph at lines 198--203
\T1/phv/m/n/10.95 ping the odds of dig-i-tal trans-for-ma-tion suc-cess.  Bosto
n Con-sult-ing Group.
 []

[103]
Underfull \hbox (badness 4378) in paragraph at lines 274--277
[]\T1/phv/m/n/10.95 IBM (2024).  What is ai gov-er-nance?  [][]$\T1/lmtt/m/n/10
.95 https : / / www . ibm . com / think / topics /
 []

[104] [105]
Underfull \hbox (badness 1210) in paragraph at lines 512--516
[]\T1/phv/m/n/10.95 Start-Up Na-tion Cen-tral (2024).  Is-raeli tech ecosys-tem
 overview 2024.  [][]$\T1/lmtt/m/n/10.95 https :
 []


Underfull \hbox (badness 10000) in paragraph at lines 512--516
\T1/lmtt/m/n/10.95 / / lifinder . startupnationcentral . org / reports / 2024-[
]annual-[]report ? _ _ cf _
 []


Underfull \hbox (badness 10000) in paragraph at lines 512--516
\T1/lmtt/m/n/10.95 chl _ tk = M75HdmQzHVy31UV6guei0jzCj . WnknBwjC9QEvBwYwE-[]1
762609619-[]1 . 0 . 1 .
 []

[106]
Underfull \hbox (badness 10000) in paragraph at lines 560--565
[]\T1/phv/m/n/10.95 Wamba-Taguimdje, S.-L., Fosso Wamba, S., Kala Kamd-joug, J.
 R., and
 []

) [107] (Formatted_Thesis.aux)
Package rerunfilecheck Info: File `Formatted_Thesis.out' has not changed.
(rerunfilecheck)             Checksum: 2CABD5EF694684006485E39973EA7CF0;17993.
 ) 
Here is how much of TeX's memory you used:
 13392 strings out of 475385
 212246 string characters out of 2776906
 576704 words of memory out of 3000000
 34210 multiletter control sequences out of 15000+600000
 539133 words of font info for 79 fonts, out of 8000000 for 9000
 1141 hyphenation exceptions out of 8191
 75i,10n,81p,1372b,737s stack positions out of 10000i,1000n,20000p,200000b,80000s
{C:/Users/dbobe/AppData/Local/Programs/MiKTeX/fonts/enc/dvips/lm/lm-ec.enc} <
C:\Users\dbobe\AppData\Local\MiKTeX\fonts/pk/ljfour/jknappen/ec/dpi600\tcss1095
.pk>{C:/Users/dbobe/AppData/Local/Programs/MiKTeX/fonts/enc/dvips/lm/lm-mathsy.
enc}{C:/Users/dbobe/AppData/Local/Programs/MiKTeX/fonts/enc/dvips/base/8r.enc}<
C:/Users/dbobe/AppData/Local/Programs/MiKTeX/fonts/type1/public/lm/lmsy9.pfb><C
:/Users/dbobe/AppData/Local/Programs/MiKTeX/fonts/type1/public/lm/lmtt10.pfb><C
:/Users/dbobe/AppData/Local/Programs/MiKTeX/fonts/type1/urw/helvetic/uhvb8a.pfb
><C:/Users/dbobe/AppData/Local/Programs/MiKTeX/fonts/type1/urw/helvetic/uhvbo8a
.pfb><C:/Users/dbobe/AppData/Local/Programs/MiKTeX/fonts/type1/urw/helvetic/uhv
r8a.pfb><C:/Users/dbobe/AppData/Local/Programs/MiKTeX/fonts/type1/urw/helvetic/
uhvro8a.pfb>
Output written on Formatted_Thesis.pdf (117 pages, 549398 bytes).
PDF statistics:
 1451 PDF objects out of 1728 (max. 8388607)
 327 named destinations out of 1000 (max. 500000)
 662 words of extra memory for PDF output out of 10000 (max. 10000000)

