\BOOKMARK [0][-]{section*.1}{\376\377\000T\000a\000b\000l\000e\000\040\000o\000f\000\040\000C\000o\000n\000t\000e\000n\000t\000s}{}% 1
\BOOKMARK [0][-]{section*.3}{\376\377\000D\000e\000c\000l\000a\000r\000a\000t\000i\000o\000n\000\040\000o\000f\000\040\000h\000o\000n\000o\000u\000r}{}% 2
\BOOKMARK [0][-]{section*.5}{\376\377\000A\000c\000k\000n\000o\000w\000l\000e\000d\000g\000e\000m\000e\000n\000t\000s}{}% 3
\BOOKMARK [0][-]{section*.6}{\376\377\000A\000b\000s\000t\000r\000a\000c\000t}{}% 4
\BOOKMARK [0][-]{chapter.1}{\376\377\000I\000n\000t\000r\000o\000d\000u\000c\000t\000i\000o\000n}{}% 5
\BOOKMARK [1][-]{section.1.1}{\376\377\000R\000e\000s\000e\000a\000r\000c\000h\000\040\000O\000b\000j\000e\000c\000t\000i\000v\000e\000s}{chapter.1}% 6
\BOOKMARK [0][-]{chapter.2}{\376\377\000L\000i\000t\000e\000r\000a\000t\000u\000r\000e\000\040\000R\000e\000v\000i\000e\000w}{}% 7
\BOOKMARK [1][-]{section.2.1}{\376\377\000E\000n\000t\000e\000r\000p\000r\000i\000s\000e\000\040\000A\000r\000c\000h\000i\000t\000e\000c\000t\000u\000r\000e\000\040\000a\000n\000d\000\040\000A\000I\000\040\000I\000n\000t\000e\000g\000r\000a\000t\000i\000o\000n}{chapter.2}% 8
\BOOKMARK [1][-]{section.2.2}{\376\377\000D\000i\000g\000i\000t\000a\000l\000\040\000T\000r\000a\000n\000s\000f\000o\000r\000m\000a\000t\000i\000o\000n\000\040\000a\000n\000d\000\040\000O\000r\000g\000a\000n\000i\000z\000a\000t\000i\000o\000n\000a\000l\000\040\000R\000e\000a\000d\000i\000n\000e\000s\000s}{chapter.2}% 9
\BOOKMARK [1][-]{section.2.3}{\376\377\000I\000n\000n\000o\000v\000a\000t\000i\000o\000n\000\040\000D\000i\000f\000f\000u\000s\000i\000o\000n\000\040\000T\000h\000e\000o\000r\000y}{chapter.2}% 10
\BOOKMARK [1][-]{section.2.4}{\376\377\000D\000y\000n\000a\000m\000i\000c\000\040\000C\000a\000p\000a\000b\000i\000l\000i\000t\000i\000e\000s\000\040\000T\000h\000e\000o\000r\000y}{chapter.2}% 11
\BOOKMARK [1][-]{section.2.5}{\376\377\000R\000e\000l\000a\000t\000e\000d\000\040\000A\000I\000\040\000A\000d\000o\000p\000t\000i\000o\000n\000\040\000M\000o\000d\000e\000l\000s}{chapter.2}% 12
\BOOKMARK [1][-]{section.2.6}{\376\377\000A\000l\000r\000e\000a\000d\000y\000\040\000E\000x\000i\000s\000t\000i\000n\000g\000\040\000S\000o\000l\000u\000t\000i\000o\000n\000s}{chapter.2}% 13
\BOOKMARK [2][-]{subsection.2.6.1}{\376\377\000E\000n\000t\000e\000r\000p\000r\000i\000s\000e\000\040\000I\000n\000f\000r\000a\000s\000t\000r\000u\000c\000t\000u\000r\000e\000\040\000a\000n\000d\000\040\000D\000e\000p\000l\000o\000y\000m\000e\000n\000t\000\040\000S\000o\000l\000u\000t\000i\000o\000n\000s}{section.2.6}% 14
\BOOKMARK [2][-]{subsection.2.6.2}{\376\377\000H\000u\000m\000a\000n\000-\000C\000e\000n\000t\000r\000i\000c\000\040\000O\000r\000g\000a\000n\000i\000z\000a\000t\000i\000o\000n\000a\000l\000\040\000T\000r\000a\000n\000s\000f\000o\000r\000m\000a\000t\000i\000o\000n}{section.2.6}% 15
\BOOKMARK [2][-]{subsection.2.6.3}{\376\377\000S\000t\000r\000a\000t\000e\000g\000i\000c\000\040\000F\000r\000a\000m\000e\000w\000o\000r\000k\000s\000\040\000a\000n\000d\000\040\000O\000r\000g\000a\000n\000i\000z\000a\000t\000i\000o\000n\000a\000l\000\040\000R\000e\000a\000d\000i\000n\000e\000s\000s}{section.2.6}% 16
\BOOKMARK [2][-]{subsection.2.6.4}{\376\377\000S\000o\000f\000t\000w\000a\000r\000e\000\040\000S\000e\000c\000t\000o\000r\000\040\000a\000n\000d\000\040\000T\000e\000c\000h\000n\000o\000l\000o\000g\000y\000-\000N\000a\000t\000i\000v\000e\000\040\000O\000r\000g\000a\000n\000i\000z\000a\000t\000i\000o\000n\000s}{section.2.6}% 17
\BOOKMARK [1][-]{section.2.7}{\376\377\000A\000I\000\040\000I\000m\000p\000l\000e\000m\000e\000n\000t\000a\000t\000i\000o\000n\000\040\000a\000n\000d\000\040\000S\000c\000a\000l\000i\000n\000g\000\040\000F\000r\000a\000m\000e\000w\000o\000r\000k\000s\000:\000\040\000A\000\040\000C\000o\000m\000p\000r\000e\000h\000e\000n\000s\000i\000v\000e\000\040\000R\000e\000v\000i\000e\000w}{chapter.2}% 18
\BOOKMARK [2][-]{subsection.2.7.1}{\376\377\000P\000h\000a\000s\000e\000s\000\040\000o\000f\000\040\000A\000I\000\040\000I\000m\000p\000l\000e\000m\000e\000n\000t\000a\000t\000i\000o\000n}{section.2.7}% 19
\BOOKMARK [2][-]{subsection.2.7.2}{\376\377\000H\000e\000a\000l\000t\000h\000c\000a\000r\000e\000\040\000a\000n\000d\000\040\000H\000i\000g\000h\000-\000S\000t\000a\000k\000e\000s\000\040\000A\000I\000\040\000I\000m\000p\000l\000e\000m\000e\000n\000t\000a\000t\000i\000o\000n}{section.2.7}% 20
\BOOKMARK [2][-]{subsection.2.7.3}{\376\377\000O\000r\000g\000a\000n\000i\000z\000a\000t\000i\000o\000n\000a\000l\000\040\000A\000d\000o\000p\000t\000i\000o\000n\000\040\000B\000a\000r\000r\000i\000e\000r\000s\000\040\000a\000n\000d\000\040\000E\000n\000a\000b\000l\000e\000r\000s}{section.2.7}% 21
\BOOKMARK [2][-]{subsection.2.7.4}{\376\377\000E\000v\000i\000d\000e\000n\000c\000e\000-\000B\000a\000s\000e\000d\000\040\000A\000p\000p\000r\000o\000a\000c\000h\000e\000s\000\040\000t\000o\000\040\000S\000c\000a\000l\000a\000b\000l\000e\000\040\000A\000d\000o\000p\000t\000i\000o\000n}{section.2.7}% 22
\BOOKMARK [2][-]{subsection.2.7.5}{\376\377\000F\000i\000n\000a\000n\000c\000e\000\040\000S\000e\000c\000t\000o\000r\000\040\000a\000n\000d\000\040\000D\000o\000m\000a\000i\000n\000-\000S\000p\000e\000c\000i\000f\000i\000c\000\040\000I\000m\000p\000l\000e\000m\000e\000n\000t\000a\000t\000i\000o\000n}{section.2.7}% 23
\BOOKMARK [2][-]{subsection.2.7.6}{\376\377\000S\000i\000m\000p\000l\000i\000f\000i\000e\000d\000\040\000A\000d\000o\000p\000t\000i\000o\000n\000\040\000F\000r\000a\000m\000e\000w\000o\000r\000k\000s\000\040\000a\000n\000d\000\040\000S\000u\000c\000c\000e\000s\000s\000\040\000F\000a\000c\000t\000o\000r\000s}{section.2.7}% 24
\BOOKMARK [2][-]{subsection.2.7.7}{\376\377\000G\000u\000i\000d\000i\000n\000g\000\040\000F\000r\000a\000m\000e\000w\000o\000r\000k\000s\000\040\000f\000o\000r\000\040\000A\000I\000\040\000R\000e\000a\000d\000i\000n\000e\000s\000s\000\040\000a\000n\000d\000\040\000P\000i\000l\000o\000t\000i\000n\000g}{section.2.7}% 25
\BOOKMARK [2][-]{subsection.2.7.8}{\376\377\000T\000h\000e\000\040\000I\000n\000f\000l\000u\000e\000n\000c\000e\000\040\000o\000f\000\040\000A\000I\000\040\000o\000n\000\040\000F\000i\000r\000m\000\040\000S\000c\000a\000l\000i\000n\000g}{section.2.7}% 26
\BOOKMARK [2][-]{subsection.2.7.9}{\376\377\000S\000y\000n\000t\000h\000e\000s\000i\000s\000:\000\040\000I\000m\000p\000l\000i\000c\000a\000t\000i\000o\000n\000s\000\040\000f\000o\000r\000\040\000S\000A\000I\000L}{section.2.7}% 27
\BOOKMARK [1][-]{section.2.8}{\376\377\000S\000y\000n\000t\000h\000e\000s\000i\000s\000\040\000a\000n\000d\000\040\000I\000d\000e\000n\000t\000i\000f\000i\000e\000d\000\040\000G\000a\000p\000s}{chapter.2}% 28
\BOOKMARK [0][-]{chapter.3}{\376\377\000T\000h\000e\000o\000r\000e\000t\000i\000c\000a\000l\000\040\000F\000r\000a\000m\000e\000w\000o\000r\000k}{}% 29
\BOOKMARK [1][-]{section.3.1}{\376\377\000C\000o\000n\000c\000e\000p\000t\000u\000a\000l\000\040\000F\000o\000u\000n\000d\000a\000t\000i\000o\000n\000s\000\040\000o\000f\000\040\000S\000A\000I\000L}{chapter.3}% 30
\BOOKMARK [2][-]{subsection.3.1.1}{\376\377\000P\000u\000r\000p\000o\000s\000e\000\040\000o\000f\000\040\000S\000c\000a\000l\000a\000b\000i\000l\000e\000\040\000A\000r\000t\000i\000f\000i\000c\000i\000a\000l\000\040\000I\000n\000t\000e\000l\000l\000i\000g\000e\000n\000c\000e\000\040\000L\000i\000f\000e\000c\000y\000c\000l\000e\000\040\000\050\000S\000A\000I\000L\000\051}{section.3.1}% 31
\BOOKMARK [2][-]{subsection.3.1.2}{\376\377\000P\000o\000s\000i\000t\000i\000o\000n\000i\000n\000g\000\040\000R\000e\000l\000a\000t\000i\000v\000e\000\040\000t\000o\000\040\000D\000i\000g\000i\000t\000a\000l\000\040\000T\000r\000a\000n\000s\000f\000o\000r\000m\000a\000t\000i\000o\000n\000\040\000a\000n\000d\000\040\000E\000n\000t\000e\000r\000p\000r\000i\000s\000e\000\040\000A\000r\000c\000h\000i\000t\000e\000c\000t\000u\000r\000e}{section.3.1}% 32
\BOOKMARK [2][-]{subsection.3.1.3}{\376\377\000A\000d\000d\000r\000e\000s\000s\000i\000n\000g\000\040\000F\000r\000a\000g\000m\000e\000n\000t\000a\000t\000i\000o\000n\000\040\000t\000h\000r\000o\000u\000g\000h\000\040\000C\000o\000o\000r\000d\000i\000n\000a\000t\000i\000o\000n\000\040\000a\000n\000d\000\040\000R\000e\000u\000s\000e}{section.3.1}% 33
\BOOKMARK [1][-]{section.3.2}{\376\377\000I\000n\000t\000e\000g\000r\000a\000t\000i\000o\000n\000\040\000o\000f\000\040\000T\000h\000e\000o\000r\000e\000t\000i\000c\000a\000l\000\040\000L\000e\000n\000s\000e\000s}{chapter.3}% 34
\BOOKMARK [1][-]{section.3.3}{\376\377\000P\000r\000i\000n\000c\000i\000p\000l\000e\000s\000\040\000D\000e\000r\000i\000v\000e\000d\000\040\000f\000o\000r\000\040\000F\000r\000a\000m\000e\000w\000o\000r\000k\000\040\000D\000e\000s\000i\000g\000n}{chapter.3}% 35
\BOOKMARK [0][-]{chapter.4}{\376\377\000R\000e\000s\000e\000a\000r\000c\000h\000\040\000M\000e\000t\000h\000o\000d\000o\000l\000o\000g\000y}{}% 36
\BOOKMARK [1][-]{section.4.1}{\376\377\000R\000e\000s\000e\000a\000r\000c\000h\000\040\000D\000e\000s\000i\000g\000n\000\040\040\023\000\040\000D\000e\000s\000i\000g\000n\000\040\000S\000c\000i\000e\000n\000c\000e\000\040\000R\000e\000s\000e\000a\000r\000c\000h}{chapter.4}% 37
\BOOKMARK [2][-]{subsection.4.1.1}{\376\377\000R\000e\000l\000e\000v\000a\000n\000c\000e\000\040\000C\000y\000c\000l\000e}{section.4.1}% 38
\BOOKMARK [2][-]{subsection.4.1.2}{\376\377\000R\000i\000g\000o\000r\000\040\000C\000y\000c\000l\000e}{section.4.1}% 39
\BOOKMARK [2][-]{subsection.4.1.3}{\376\377\000D\000e\000s\000i\000g\000n\000\040\000C\000y\000c\000l\000e}{section.4.1}% 40
\BOOKMARK [1][-]{section.4.2}{\376\377\000L\000i\000t\000e\000r\000a\000t\000u\000r\000e\000\040\000R\000e\000v\000i\000e\000w\000\040\000A\000p\000p\000r\000o\000a\000c\000h}{chapter.4}% 41
\BOOKMARK [2][-]{subsection.4.2.1}{\376\377\000S\000e\000a\000r\000c\000h\000\040\000S\000t\000r\000a\000t\000e\000g\000y\000,\000\040\000D\000a\000t\000a\000b\000a\000s\000e\000s\000,\000\040\000K\000e\000y\000w\000o\000r\000d\000s}{section.4.2}% 42
\BOOKMARK [2][-]{subsection.4.2.2}{\376\377\000I\000n\000c\000l\000u\000s\000i\000o\000n\000/\000E\000x\000c\000l\000u\000s\000i\000o\000n\000\040\000C\000r\000i\000t\000e\000r\000i\000a}{section.4.2}% 43
\BOOKMARK [2][-]{subsection.4.2.3}{\376\377\000P\000r\000o\000c\000e\000s\000s\000\040\000o\000f\000\040\000S\000y\000n\000t\000h\000e\000s\000i\000z\000i\000n\000g\000\040\000T\000h\000e\000o\000r\000y}{section.4.2}% 44
\BOOKMARK [1][-]{section.4.3}{\376\377\000F\000r\000a\000m\000e\000w\000o\000r\000k\000\040\000D\000e\000v\000e\000l\000o\000p\000m\000e\000n\000t\000\040\000P\000r\000o\000c\000e\000s\000s}{chapter.4}% 45
\BOOKMARK [1][-]{section.4.4}{\376\377\000C\000o\000n\000c\000e\000p\000t\000u\000a\000l\000\040\000E\000v\000a\000l\000u\000a\000t\000i\000o\000n\000\040\000v\000i\000a\000\040\000U\000s\000e\000\040\000C\000a\000s\000e\000s}{chapter.4}% 46
\BOOKMARK [0][-]{chapter.5}{\376\377\000F\000r\000a\000m\000e\000w\000o\000r\000k\000\040\000D\000e\000v\000e\000l\000o\000p\000m\000e\000n\000t\000\040\000\050\000S\000A\000I\000L\000\051}{}% 47
\BOOKMARK [1][-]{section.5.1}{\376\377\000O\000v\000e\000r\000v\000i\000e\000w\000\040\000o\000f\000\040\000S\000A\000I\000L\000\040\000F\000r\000a\000m\000e\000w\000o\000r\000k}{chapter.5}% 48
\BOOKMARK [1][-]{section.5.2}{\376\377\000L\000i\000f\000e\000c\000y\000c\000l\000e\000\040\000a\000t\000\040\000a\000\040\000G\000l\000a\000n\000c\000e}{chapter.5}% 49
\BOOKMARK [1][-]{section.5.3}{\376\377\000G\000o\000v\000e\000r\000n\000a\000n\000c\000e\000\040\000L\000a\000y\000e\000r\000\040\000A\000c\000r\000o\000s\000s\000\040\000S\000t\000a\000g\000e\000s}{chapter.5}% 50
\BOOKMARK [1][-]{section.5.4}{\376\377\000K\000e\000y\000\040\000D\000e\000c\000i\000s\000i\000o\000n\000\040\000C\000h\000e\000c\000k\000p\000o\000i\000n\000t\000s}{chapter.5}% 51
\BOOKMARK [1][-]{section.5.5}{\376\377\000D\000e\000t\000a\000i\000l\000e\000d\000\040\000A\000d\000o\000p\000t\000i\000o\000n\000\040\000S\000t\000a\000g\000e\000s}{chapter.5}% 52
\BOOKMARK [1][-]{section.5.6}{\376\377\000S\000t\000e\000p\000\040\0001\000:\000\040\000O\000p\000p\000o\000r\000t\000u\000n\000i\000t\000y\000\040\000S\000c\000o\000u\000t\000i\000n\000g}{chapter.5}% 53
\BOOKMARK [2][-]{subsection.5.6.1}{\376\377\000S\000t\000e\000p\000\040\0002\000:\000\040\000S\000t\000r\000a\000t\000e\000g\000i\000c\000\040\000A\000l\000i\000g\000n\000m\000e\000n\000t\000\040\000R\000e\000v\000i\000e\000w}{section.5.6}% 54
\BOOKMARK [2][-]{subsection.5.6.2}{\376\377\000S\000t\000e\000p\000\040\0003\000:\000\040\000F\000e\000a\000s\000i\000b\000i\000l\000i\000t\000y\000\040\000\046\000\040\000R\000i\000s\000k\000\040\000A\000s\000s\000e\000s\000s\000m\000e\000n\000t}{section.5.6}% 55
\BOOKMARK [2][-]{subsection.5.6.3}{\376\377\000S\000t\000e\000p\000\040\0004\000:\000\040\000P\000i\000l\000o\000t\000\040\000D\000e\000s\000i\000g\000n}{section.5.6}% 56
\BOOKMARK [2][-]{subsection.5.6.4}{\376\377\000S\000t\000e\000p\000\040\0005\000:\000\040\000P\000i\000l\000o\000t\000\040\000E\000x\000e\000c\000u\000t\000i\000o\000n}{section.5.6}% 57
\BOOKMARK [2][-]{subsection.5.6.5}{\376\377\000S\000t\000e\000p\000\040\0006\000:\000\040\000E\000v\000a\000l\000u\000a\000t\000i\000o\000n\000\040\000\046\000\040\000S\000c\000a\000l\000i\000n\000g\000\040\000D\000e\000c\000i\000s\000i\000o\000n}{section.5.6}% 58
\BOOKMARK [2][-]{subsection.5.6.6}{\376\377\000S\000t\000e\000p\000\040\0007\000:\000\040\000S\000c\000a\000l\000e\000\040\000D\000e\000p\000l\000o\000y\000m\000e\000n\000t}{section.5.6}% 59
\BOOKMARK [2][-]{subsection.5.6.7}{\376\377\000S\000t\000e\000p\000\040\0008\000:\000\040\000A\000I\000\040\000N\000a\000t\000i\000v\000e\000\040\000O\000p\000t\000i\000m\000i\000z\000a\000t\000i\000o\000n}{section.5.6}% 60
\BOOKMARK [1][-]{section.5.7}{\376\377\000S\000u\000m\000m\000a\000r\000y\000\040\000o\000f\000\040\000t\000h\000e\000\040\000F\000r\000a\000m\000e\000w\000o\000r\000k}{chapter.5}% 61
\BOOKMARK [0][-]{chapter.6}{\376\377\000U\000s\000e\000\040\000C\000a\000s\000e\000\040\000I\000m\000p\000l\000e\000m\000e\000n\000t\000a\000t\000i\000o\000n\000\040\000\046\000\040\000V\000a\000l\000i\000d\000a\000t\000i\000o\000n}{}% 62
\BOOKMARK [1][-]{section.6.1}{\376\377\000I\000n\000t\000r\000o\000d\000u\000c\000t\000i\000o\000n}{chapter.6}% 63
\BOOKMARK [1][-]{section.6.2}{\376\377\000S\000e\000l\000e\000c\000t\000i\000o\000n\000\040\000o\000f\000\040\000U\000s\000e\000\040\000C\000a\000s\000e\000s}{chapter.6}% 64
\BOOKMARK [1][-]{section.6.3}{\376\377\000A\000p\000p\000l\000i\000c\000a\000t\000i\000o\000n\000\040\000o\000f\000\040\000S\000A\000I\000L\000\040\000t\000o\000\040\000U\000s\000e\000\040\000C\000a\000s\000e\000s}{chapter.6}% 65
\BOOKMARK [2][-]{subsection.6.3.1}{\376\377\000A\000I\000-\000b\000a\000s\000e\000d\000\040\000C\000o\000d\000e\000\040\000D\000o\000c\000u\000m\000e\000n\000t\000a\000t\000i\000o\000n\000\040\000G\000e\000n\000e\000r\000a\000t\000i\000o\000n}{section.6.3}% 66
\BOOKMARK [2][-]{subsection.6.3.2}{\376\377\000A\000I\000-\000d\000r\000i\000v\000e\000n\000\040\000R\000e\000f\000a\000c\000t\000o\000r\000i\000n\000g}{section.6.3}% 67
\BOOKMARK [2][-]{subsection.6.3.3}{\376\377\000P\000u\000l\000l\000\040\000R\000e\000q\000u\000e\000s\000t\000\040\000R\000e\000v\000i\000e\000w\000\040\000A\000u\000t\000o\000m\000a\000t\000i\000o\000n}{section.6.3}% 68
\BOOKMARK [2][-]{subsection.6.3.4}{\376\377\000I\000n\000t\000e\000r\000n\000a\000l\000\040\000A\000I\000\040\000C\000h\000a\000t\000b\000o\000t\000\040\000f\000o\000r\000\040\000E\000m\000p\000l\000o\000y\000e\000e\000\040\000Q\000u\000e\000r\000i\000e\000s}{section.6.3}% 69
\BOOKMARK [1][-]{section.6.4}{\376\377\000S\000u\000m\000m\000a\000r\000y\000\040\000o\000f\000\040\000F\000i\000n\000d\000i\000n\000g\000s}{chapter.6}% 70
\BOOKMARK [0][-]{chapter.7}{\376\377\000D\000i\000s\000c\000u\000s\000s\000i\000o\000n}{}% 71
\BOOKMARK [1][-]{section.7.1}{\376\377\000K\000e\000y\000\040\000I\000n\000s\000i\000g\000h\000t\000s}{chapter.7}% 72
\BOOKMARK [1][-]{section.7.2}{\376\377\000C\000o\000n\000t\000r\000i\000b\000u\000t\000i\000o\000n\000s\000\040\000t\000o\000\040\000T\000h\000e\000o\000r\000y\000\040\000a\000n\000d\000\040\000P\000r\000a\000c\000t\000i\000c\000e}{chapter.7}% 73
\BOOKMARK [1][-]{section.7.3}{\376\377\000L\000i\000m\000i\000t\000a\000t\000i\000o\000n\000s}{chapter.7}% 74
\BOOKMARK [1][-]{section.7.4}{\376\377\000I\000m\000p\000l\000i\000c\000a\000t\000i\000o\000n\000s\000\040\000a\000n\000d\000\040\000N\000e\000x\000t\000\040\000S\000t\000e\000p\000s}{chapter.7}% 75
\BOOKMARK [1][-]{section.7.5}{\376\377\000R\000e\000f\000l\000e\000c\000t\000i\000o\000n\000s\000\040\000o\000n\000\040\000t\000h\000e\000\040\000f\000r\000a\000m\000e\000w\000o\000r\000k\000\040\000a\000n\000d\000\040\000i\000t\000s\000\040\000a\000p\000p\000l\000i\000c\000a\000t\000i\000o\000n}{chapter.7}% 76
\BOOKMARK [0][-]{chapter.8}{\376\377\000C\000o\000n\000c\000l\000u\000s\000i\000o\000n\000\040\000a\000n\000d\000\040\000F\000i\000n\000a\000l\000\040\000T\000h\000o\000u\000g\000h\000t\000s}{}% 77
\BOOKMARK [1][-]{section.8.1}{\376\377\000S\000u\000m\000m\000a\000r\000y\000\040\000o\000f\000\040\000R\000e\000s\000e\000a\000r\000c\000h}{chapter.8}% 78
\BOOKMARK [1][-]{section.8.2}{\376\377\000I\000n\000t\000e\000g\000r\000a\000t\000e\000d\000\040\000C\000o\000n\000t\000r\000i\000b\000u\000t\000i\000o\000n\000s\000\040\000o\000f\000\040\000t\000h\000e\000\040\000S\000A\000I\000L\000\040\000F\000r\000a\000m\000e\000w\000o\000r\000k}{chapter.8}% 79
\BOOKMARK [1][-]{section.8.3}{\376\377\000L\000i\000m\000i\000t\000a\000t\000i\000o\000n\000s\000\040\000a\000n\000d\000\040\000C\000a\000v\000e\000a\000t\000s}{chapter.8}% 80
\BOOKMARK [1][-]{section.8.4}{\376\377\000P\000r\000a\000c\000t\000i\000c\000a\000l\000\040\000I\000m\000p\000l\000i\000c\000a\000t\000i\000o\000n\000s}{chapter.8}% 81
